SF:lib/models/recommendation_models.dart
DA:34,2
DA:43,2
DA:44,1
DA:45,2
DA:46,1
DA:47,2
DA:48,2
DA:49,1
LF:8
LH:8
end_of_record
SF:lib/models/workout_set.dart
DA:35,3
DA:47,2
DA:49,3
DA:50,2
DA:51,2
DA:52,2
DA:53,2
DA:54,3
DA:55,3
DA:56,3
DA:57,2
DA:60,4
DA:62,4
DA:63,2
DA:64,2
DA:65,4
DA:66,2
DA:67,3
DA:68,2
DA:69,2
DA:70,2
DA:74,2
DA:75,4
DA:76,8
DA:77,4
DA:78,8
DA:79,4
DA:80,2
DA:82,4
DA:83,1
DA:85,2
DA:86,4
DA:87,4
DA:88,4
DA:89,2
DA:93,1
DA:94,6
DA:95,1
DA:97,3
DA:98,1
DA:99,1
DA:100,4
DA:102,3
DA:104,4
DA:107,2
DA:108,16
DA:110,2
LF:47
LH:47
end_of_record
SF:lib/services/local_recommendation_engine.dart
DA:17,1
DA:18,2
DA:19,4
DA:20,4
DA:21,7
DA:24,1
DA:25,3
DA:29,1
DA:30,2
DA:31,2
DA:32,2
DA:33,4
DA:35,3
DA:36,5
DA:37,4
DA:39,2
DA:42,1
DA:43,1
DA:44,1
DA:45,1
DA:46,1
DA:47,1
DA:48,1
DA:49,1
DA:50,1
DA:51,1
DA:52,1
DA:53,1
DA:54,1
DA:55,1
DA:56,1
DA:57,1
DA:60,1
DA:61,1
DA:62,1
DA:63,1
DA:64,1
DA:65,1
DA:66,1
DA:67,1
DA:68,1
DA:69,1
DA:70,1
DA:71,1
DA:72,1
DA:75,1
DA:76,1
DA:77,3
DA:80,1
DA:81,1
DA:82,3
DA:87,1
DA:89,8
DA:90,1
DA:91,4
DA:94,1
DA:95,1
DA:96,2
DA:97,1
DA:98,6
DA:99,4
DA:100,4
DA:102,3
DA:103,4
DA:110,1
DA:118,1
DA:129,4
DA:130,6
DA:131,1
DA:132,5
DA:134,1
DA:135,1
DA:146,1
DA:151,2
DA:152,4
DA:154,6
DA:155,1
DA:157,3
DA:158,1
DA:160,1
DA:161,0
DA:171,1
DA:172,4
DA:174,8
DA:176,5
DA:177,1
DA:178,4
DA:179,4
DA:183,2
DA:184,3
DA:187,8
DA:188,1
DA:189,1
DA:193,5
DA:194,2
DA:195,2
DA:196,5
DA:197,1
DA:205,2
DA:206,4
DA:213,4
DA:217,1
DA:218,1
DA:220,1
DA:221,1
DA:224,1
DA:228,1
DA:241,1
DA:242,3
DA:245,1
DA:246,1
DA:247,1
DA:250,4
DA:253,4
DA:254,1
DA:255,1
DA:257,1
DA:265,1
DA:267,1
DA:272,1
DA:277,1
DA:282,2
DA:283,1
DA:286,1
DA:287,1
DA:292,1
DA:298,1
LF:127
LH:126
end_of_record
SF:lib/services/local_storage_service.dart
DA:23,1
DA:28,1
DA:29,2
DA:30,1
DA:33,1
DA:34,1
DA:35,1
DA:38,2
DA:56,1
DA:57,1
DA:58,2
DA:60,1
DA:61,1
DA:62,1
DA:64,3
DA:65,1
DA:66,2
DA:67,1
DA:69,1
DA:72,1
DA:73,1
DA:74,1
DA:75,1
DA:76,2
DA:80,1
DA:81,1
DA:82,1
DA:83,2
DA:84,1
DA:86,1
DA:90,1
DA:93,1
DA:94,1
DA:95,1
DA:96,1
DA:99,1
DA:100,1
DA:101,1
DA:104,1
DA:105,2
DA:106,1
DA:110,1
DA:111,1
DA:112,1
DA:115,2
DA:120,1
DA:121,1
DA:122,2
DA:123,1
DA:126,2
DA:128,1
DA:130,1
DA:136,1
DA:137,1
DA:140,4
DA:141,2
DA:146,1
DA:147,2
DA:148,2
DA:150,1
DA:151,2
DA:152,2
DA:154,1
DA:155,2
DA:157,3
DA:158,3
DA:159,5
DA:160,5
DA:161,2
DA:163,5
DA:164,2
DA:166,4
DA:168,2
DA:169,1
DA:173,1
DA:174,1
DA:175,3
DA:176,2
DA:177,2
DA:190,1
DA:192,1
DA:193,1
DA:194,1
DA:195,1
DA:198,1
DA:199,1
DA:200,1
DA:201,2
DA:202,2
DA:205,1
DA:206,1
DA:207,2
DA:213,1
DA:214,1
DA:216,8
DA:217,5
DA:218,4
DA:221,2
DA:222,1
DA:223,2
DA:224,1
DA:225,1
DA:226,1
DA:227,1
DA:228,1
DA:229,1
DA:230,1
DA:231,1
DA:234,2
DA:235,2
DA:236,1
DA:237,1
DA:238,2
DA:239,1
DA:240,2
DA:241,1
DA:242,1
DA:243,1
DA:246,1
DA:247,1
DA:249,1
DA:250,3
DA:251,1
DA:252,1
DA:253,6
DA:254,1
DA:255,1
DA:259,1
DA:260,2
DA:261,1
DA:263,1
DA:266,2
LF:132
LH:132
end_of_record
